--------------------------------------------------------------------------------
Release 14.7 Trace  (nt64)
Copyright (c) 1995-2013 Xilinx, Inc.  All rights reserved.

C:\Xilinx\14.7\ISE_DS\ISE\bin\nt64\unwrapped\trce.exe -intstyle ise -v 3 -s 2
-n 3 -fastpaths -xml RS_232_Top.twx RS_232_Top.ncd -o RS_232_Top.twr
RS_232_Top.pcf

Design file:              RS_232_Top.ncd
Physical constraint file: RS_232_Top.pcf
Device,package,speed:     xc6slx9,tqg144,C,-2 (PRODUCTION 1.23 2013-10-13)
Report level:             verbose report

Environment Variable      Effect 
--------------------      ------ 
NONE                      No environment variables were set
--------------------------------------------------------------------------------

INFO:Timing:2698 - No timing constraints found, doing default enumeration.
INFO:Timing:3412 - To improve timing, see the Timing Closure User Guide (UG612).
INFO:Timing:2752 - To get complete path coverage, use the unconstrained paths 
   option. All paths that are not constrained will be reported in the 
   unconstrained paths section(s) of the report.
INFO:Timing:3339 - The clock-to-out numbers in this timing report are based on 
   a 50 Ohm transmission line loading model.  For the details of this model, 
   and for more information on accounting for different loading conditions, 
   please see the device datasheet.



Data Sheet report:
-----------------
All values displayed in nanoseconds (ns)

Setup/Hold to clock Clock
-----------------+------------+------------+------------+------------+------------------+--------+
                 |Max Setup to|  Process   |Max Hold to |  Process   |                  | Clock  |
Source           | clk (edge) |   Corner   | clk (edge) |   Corner   |Internal Clock(s) | Phase  |
-----------------+------------+------------+------------+------------+------------------+--------+
GPIO_Input_Pin<0>|    1.077(R)|      SLOW  |    0.150(R)|      SLOW  |Clock_BUFGP       |   0.000|
GPIO_Input_Pin<1>|    1.103(R)|      SLOW  |    0.116(R)|      SLOW  |Clock_BUFGP       |   0.000|
GPIO_Input_Pin<2>|    1.078(R)|      SLOW  |    0.155(R)|      SLOW  |Clock_BUFGP       |   0.000|
GPIO_Input_Pin<3>|    1.078(R)|      SLOW  |    0.154(R)|      SLOW  |Clock_BUFGP       |   0.000|
Rx               |    0.645(R)|      SLOW  |    0.603(R)|      SLOW  |Clock_BUFGP       |   0.000|
-----------------+------------+------------+------------+------------+------------------+--------+

Clock Clock to Pad
------------+-----------------+------------+-----------------+------------+------------------+--------+
            |Max (slowest) clk|  Process   |Min (fastest) clk|  Process   |                  | Clock  |
Destination |  (edge) to PAD  |   Corner   |  (edge) to PAD  |   Corner   |Internal Clock(s) | Phase  |
------------+-----------------+------------+-----------------+------------+------------------+--------+
LED         |         9.285(R)|      SLOW  |         3.848(R)|      FAST  |Clock_BUFGP       |   0.000|
Motors<0>   |         9.232(R)|      SLOW  |         3.866(R)|      FAST  |Clock_BUFGP       |   0.000|
Motors<1>   |         9.147(R)|      SLOW  |         3.782(R)|      FAST  |Clock_BUFGP       |   0.000|
Motors<2>   |         9.419(R)|      SLOW  |         3.952(R)|      FAST  |Clock_BUFGP       |   0.000|
Motors<3>   |         9.677(R)|      SLOW  |         4.134(R)|      FAST  |Clock_BUFGP       |   0.000|
Tx          |         8.937(R)|      SLOW  |         3.686(R)|      FAST  |Clock_BUFGP       |   0.000|
------------+-----------------+------------+-----------------+------------+------------------+--------+

Clock to Setup on destination clock Clock
---------------+---------+---------+---------+---------+
               | Src:Rise| Src:Fall| Src:Rise| Src:Fall|
Source Clock   |Dest:Rise|Dest:Rise|Dest:Fall|Dest:Fall|
---------------+---------+---------+---------+---------+
Clock          |    4.463|         |         |         |
---------------+---------+---------+---------+---------+


Analysis completed Tue Jan 24 15:45:34 2023 
--------------------------------------------------------------------------------

Trace Settings:
-------------------------
Trace Settings 

Peak Memory Usage: 4571 MB



